app/build/outputs/logs/manifest-merger-debug-report.txt
-- Merging decision tree log ---
manifest
ADDED from AndroidManifest.xml:1:1
	package
		ADDED from AndroidManifest.xml:2:5
		INJECTED from AndroidManifest.xml:0:0
		INJECTED from AndroidManifest.xml:0:0
	android:versionName
		ADDED from AndroidManifest.xml:4:5
	android:versionCode
		ADDED from AndroidManifest.xml:3:5
		INJECTED from AndroidManifest.xml:0:0
		INJECTED from AndroidManifest.xml:0:0
	xmlns:android
		ADDED from AndroidManifest.xml:1:11
uses-sdk
ADDED from AndroidManifest.xml:6:5
MERGED from com.android.support:support-v4:22.2.0:20:5
	android:maxSdkVersion
		ADDED from AndroidManifest.xml:7:9
	android:targetSdkVersion
		ADDED from AndroidManifest.xml:9:9
		INJECTED from AndroidManifest.xml:0:0
		INJECTED from AndroidManifest.xml:0:0
	android:minSdkVersion
		ADDED from AndroidManifest.xml:8:9
		INJECTED from AndroidManifest.xml:0:0
		INJECTED from AndroidManifest.xml:0:0
uses-permission#android.permission.SEND_SMS
ADDED from AndroidManifest.xml:11:5
	android:name
		ADDED from AndroidManifest.xml:11:22
uses-permission#android.permission.RECEIVE_SMS
ADDED from AndroidManifest.xml:12:5
	android:name
		ADDED from AndroidManifest.xml:12:22
uses-permission#android.permission.READ_SMS
ADDED from AndroidManifest.xml:13:5
	android:name
		ADDED from AndroidManifest.xml:13:22
uses-permission#android.permission.WRITE_SMS
ADDED from AndroidManifest.xml:14:5
	android:name
		ADDED from AndroidManifest.xml:14:22
uses-permission#android.permission.CALL_PHONE
ADDED from AndroidManifest.xml:15:5
	android:name
		ADDED from AndroidManifest.xml:15:22
uses-permission#android.permission.READ_CONTACTS
ADDED from AndroidManifest.xml:16:5
	android:name
		ADDED from AndroidManifest.xml:16:22
uses-permission#android.permission.READ_PHONE_STATE
ADDED from AndroidManifest.xml:17:5
	android:name
		ADDED from AndroidManifest.xml:17:22
uses-permission#android.permission.WRITE
ADDED from AndroidManifest.xml:18:5
	android:name
		ADDED from AndroidManifest.xml:18:22
uses-permission#android.permission.VIBRATE
ADDED from AndroidManifest.xml:19:5
	android:name
		ADDED from AndroidManifest.xml:19:22
uses-permission#android.permission.GET_TASKS
ADDED from AndroidManifest.xml:20:5
	android:name
		ADDED from AndroidManifest.xml:20:22
uses-permission#android.permission.WRITE_EXTERNAL_STORAGE
ADDED from AndroidManifest.xml:21:5
	android:name
		ADDED from AndroidManifest.xml:21:22
uses-permission#android.permission.READ_EXTERNAL_STORAGE
ADDED from AndroidManifest.xml:22:5
	android:name
		ADDED from AndroidManifest.xml:22:22
uses-permission#android.permission.WAKE_LOCK
ADDED from AndroidManifest.xml:23:5
	android:name
		ADDED from AndroidManifest.xml:23:22
application
ADDED from AndroidManifest.xml:25:5
MERGED from com.android.support:support-v4:22.2.0:22:5
	android:label
		ADDED from AndroidManifest.xml:28:9
	android:allowBackup
		ADDED from AndroidManifest.xml:26:9
	android:icon
		ADDED from AndroidManifest.xml:27:9
	android:theme
		ADDED from AndroidManifest.xml:29:9
	android:name
		ADDED from AndroidManifest.xml:30:9
activity#com.santeh.inboxlistproject.main.Activity_Home
ADDED from AndroidManifest.xml:34:9
	android:label
		ADDED from AndroidManifest.xml:36:13
	android:theme
		ADDED from AndroidManifest.xml:37:13
	android:name
		ADDED from AndroidManifest.xml:35:13
intent-filter#android.intent.action.MAIN+android.intent.category.LAUNCHER
ADDED from AndroidManifest.xml:39:13
action#android.intent.action.MAIN
ADDED from AndroidManifest.xml:40:17
	android:name
		ADDED from AndroidManifest.xml:40:25
category#android.intent.category.LAUNCHER
ADDED from AndroidManifest.xml:41:17
	android:name
		ADDED from AndroidManifest.xml:41:27
activity#com.santeh.inboxlistproject.main.Activity_NewMessage
ADDED from AndroidManifest.xml:46:9
	android:label
		ADDED from AndroidManifest.xml:48:13
	android:noHistory
		ADDED from AndroidManifest.xml:50:13
	android:windowSoftInputMode
		ADDED from AndroidManifest.xml:49:13
	android:name
		ADDED from AndroidManifest.xml:47:13
intent-filter#android.intent.action.SEND+android.intent.action.SENDTO+android.intent.category.BROWSABLE+android.intent.category.DEFAULT
ADDED from AndroidManifest.xml:51:13
action#android.intent.action.SEND
ADDED from AndroidManifest.xml:52:17
	android:name
		ADDED from AndroidManifest.xml:52:25
action#android.intent.action.SENDTO
ADDED from AndroidManifest.xml:53:17
	android:name
		ADDED from AndroidManifest.xml:53:25
category#android.intent.category.DEFAULT
ADDED from AndroidManifest.xml:55:17
	android:name
		ADDED from AndroidManifest.xml:55:27
category#android.intent.category.BROWSABLE
ADDED from AndroidManifest.xml:56:17
	android:name
		ADDED from AndroidManifest.xml:56:27
data
ADDED from AndroidManifest.xml:58:17
	android:scheme
		ADDED from AndroidManifest.xml:58:23
intent-filter#android.intent.action.SEARCH
ADDED from AndroidManifest.xml:64:13
action#android.intent.action.SEARCH
ADDED from AndroidManifest.xml:65:17
	android:name
		ADDED from AndroidManifest.xml:65:25
meta-data#android.app.searchable
ADDED from AndroidManifest.xml:68:13
	android:resource
		ADDED from AndroidManifest.xml:70:17
	android:name
		ADDED from AndroidManifest.xml:69:17
activity#com.santeh.inboxlistproject.main.Activity_NewMessage_Unreg
ADDED from AndroidManifest.xml:73:9
	android:label
		ADDED from AndroidManifest.xml:75:13
	android:noHistory
		ADDED from AndroidManifest.xml:77:13
	android:windowSoftInputMode
		ADDED from AndroidManifest.xml:76:13
	android:name
		ADDED from AndroidManifest.xml:74:13
activity#com.santeh.inboxlistproject.main.MainActivity
ADDED from AndroidManifest.xml:100:9
	android:label
		ADDED from AndroidManifest.xml:102:13
	android:name
		ADDED from AndroidManifest.xml:101:13
activity#com.santeh.inboxlistproject.main.Activity_MainInbox_SubThread
ADDED from AndroidManifest.xml:116:9
	android:screenOrientation
		ADDED from AndroidManifest.xml:119:13
	android:label
		ADDED from AndroidManifest.xml:118:13
	android:noHistory
		ADDED from AndroidManifest.xml:120:13
	android:name
		ADDED from AndroidManifest.xml:117:13
activity#com.santeh.inboxlistproject.main.Activity_Queue
ADDED from AndroidManifest.xml:135:9
	android:screenOrientation
		ADDED from AndroidManifest.xml:138:13
	android:label
		ADDED from AndroidManifest.xml:137:13
	android:noHistory
		ADDED from AndroidManifest.xml:139:13
	android:name
		ADDED from AndroidManifest.xml:136:13
activity#com.santeh.inboxlistproject.main.Activity_Inbox
ADDED from AndroidManifest.xml:155:9
	android:label
		ADDED from AndroidManifest.xml:157:13
	android:name
		ADDED from AndroidManifest.xml:156:13
activity#com.santeh.inboxlistproject.main.Activity_Answered_Queries
ADDED from AndroidManifest.xml:173:9
	android:label
		ADDED from AndroidManifest.xml:175:13
	android:noHistory
		ADDED from AndroidManifest.xml:176:13
	android:name
		ADDED from AndroidManifest.xml:174:13
activity#com.santeh.inboxlistproject.main.Activity_UnregInbox_MainThread
ADDED from AndroidManifest.xml:192:9
	android:label
		ADDED from AndroidManifest.xml:194:13
	android:name
		ADDED from AndroidManifest.xml:193:13
activity#com.santeh.inboxlistproject.main.Activity_Wiz_ContactNum
ADDED from AndroidManifest.xml:210:9
	android:label
		ADDED from AndroidManifest.xml:212:13
	android:name
		ADDED from AndroidManifest.xml:211:13
activity#com.santeh.inboxlistproject.main.Activity_Welcome
ADDED from AndroidManifest.xml:215:9
	android:label
		ADDED from AndroidManifest.xml:217:13
	android:theme
		ADDED from AndroidManifest.xml:218:13
	android:name
		ADDED from AndroidManifest.xml:216:13
activity#com.santeh.inboxlistproject.main.Activity_Wiz_OrderCode
ADDED from AndroidManifest.xml:221:9
	android:label
		ADDED from AndroidManifest.xml:223:13
	android:name
		ADDED from AndroidManifest.xml:222:13
activity#com.santeh.inboxlistproject.main.Activity_Preference_Settings
ADDED from AndroidManifest.xml:226:9
	android:label
		ADDED from AndroidManifest.xml:228:13
	android:name
		ADDED from AndroidManifest.xml:227:13
activity#com.santeh.inboxlistproject.main.Activity_Wiz_Branch
ADDED from AndroidManifest.xml:231:9
	android:label
		ADDED from AndroidManifest.xml:233:13
	android:name
		ADDED from AndroidManifest.xml:232:13
activity#com.santeh.inboxlistproject.main.Activity_Contacts_add
ADDED from AndroidManifest.xml:237:9
	android:label
		ADDED from AndroidManifest.xml:239:13
	android:name
		ADDED from AndroidManifest.xml:238:13
activity#com.santeh.inboxlistproject.main.Activity_Contacts
ADDED from AndroidManifest.xml:241:9
	android:label
		ADDED from AndroidManifest.xml:243:13
	android:name
		ADDED from AndroidManifest.xml:242:13
activity#com.santeh.inboxlistproject.main.Activity_Contacts_view
ADDED from AndroidManifest.xml:245:9
	android:label
		ADDED from AndroidManifest.xml:247:13
	android:name
		ADDED from AndroidManifest.xml:246:13
activity#com.santeh.inboxlistproject.main.Activity_Contacts_edit
ADDED from AndroidManifest.xml:249:9
	android:label
		ADDED from AndroidManifest.xml:251:13
	android:name
		ADDED from AndroidManifest.xml:250:13
activity#com.santeh.inboxlistproject.main.Activity_Preference_OrderCode
ADDED from AndroidManifest.xml:253:9
	android:label
		ADDED from AndroidManifest.xml:255:13
	android:name
		ADDED from AndroidManifest.xml:254:13
activity#com.santeh.inboxlistproject.main.Activity_Branch
ADDED from AndroidManifest.xml:258:10
	android:label
		ADDED from AndroidManifest.xml:260:13
	android:name
		ADDED from AndroidManifest.xml:259:13
receiver#com.santeh.inboxlistproject.br.SMS_BroadcastReceiver
ADDED from AndroidManifest.xml:267:9
	android:permission
		ADDED from AndroidManifest.xml:269:13
	android:name
		ADDED from AndroidManifest.xml:268:13
intent-filter#android.provider.Telephony.SMS_RECEIVED
ADDED from AndroidManifest.xml:270:13
action#android.provider.Telephony.SMS_RECEIVED
ADDED from AndroidManifest.xml:271:17
	android:name
		ADDED from AndroidManifest.xml:271:25
receiver#com.santeh.inboxlistproject.br.MMSReceiver
ADDED from AndroidManifest.xml:276:9
	android:permission
		ADDED from AndroidManifest.xml:278:13
	android:name
		ADDED from AndroidManifest.xml:277:13
intent-filter#android.provider.Telephony.WAP_PUSH_DELIVER
ADDED from AndroidManifest.xml:279:13
action#android.provider.Telephony.WAP_PUSH_DELIVER
ADDED from AndroidManifest.xml:280:17
	android:name
		ADDED from AndroidManifest.xml:280:25
service#com.santeh.inboxlistproject.br.HeadlessSmsSendService
ADDED from AndroidManifest.xml:286:9
	android:exported
		ADDED from AndroidManifest.xml:288:13
	android:permission
		ADDED from AndroidManifest.xml:289:13
	android:name
		ADDED from AndroidManifest.xml:287:13
intent-filter#android.intent.action.RESPOND_VIA_MESSAGE+android.intent.category.DEFAULT
ADDED from AndroidManifest.xml:290:13
action#android.intent.action.RESPOND_VIA_MESSAGE
ADDED from AndroidManifest.xml:291:17
	android:name
		ADDED from AndroidManifest.xml:291:25
receiver#com.santeh.inboxlistproject.br.SMS_delivery
ADDED from AndroidManifest.xml:302:9
	android:name
		ADDED from AndroidManifest.xml:302:19
intent-filter#SMS_SENT
ADDED from AndroidManifest.xml:303:13
action#SMS_SENT
ADDED from AndroidManifest.xml:304:17
	android:name
		ADDED from AndroidManifest.xml:304:25
receiver#com.santeh.inboxlistproject.br.DeliveryBroadcastReceiver
ADDED from AndroidManifest.xml:308:9
	android:name
		ADDED from AndroidManifest.xml:308:19
intent-filter#SMS_DELIVERED
ADDED from AndroidManifest.xml:309:13
action#SMS_DELIVERED
ADDED from AndroidManifest.xml:310:17
	android:name
		ADDED from AndroidManifest.xml:310:25
receiver#com.santeh.inboxlistproject.br.BackupDbReceiver
ADDED from AndroidManifest.xml:314:9
	android:name
		ADDED from AndroidManifest.xml:314:19